CRITICAL - 2021-09-20 09:05:18 --> Class "App\Controllers\PHPMailer" not found
#0 E:\xampp\htdocs\ci4\system\CodeIgniter.php(928): App\Controllers\Test->index()
#1 E:\xampp\htdocs\ci4\system\CodeIgniter.php(436): CodeIgniter\CodeIgniter->runController(Object(App\Controllers\Test))
#2 E:\xampp\htdocs\ci4\system\CodeIgniter.php(336): CodeIgniter\CodeIgniter->handleRequest(NULL, Object(Config\Cache), false)
#3 E:\xampp\htdocs\ci4\public\index.php(37): CodeIgniter\CodeIgniter->run()
#4 {main}
CRITICAL - 2021-09-20 09:12:44 --> Class "App\Controllers\Phpmailer" not found
#0 E:\xampp\htdocs\ci4\system\CodeIgniter.php(928): App\Controllers\Test->index()
#1 E:\xampp\htdocs\ci4\system\CodeIgniter.php(436): CodeIgniter\CodeIgniter->runController(Object(App\Controllers\Test))
#2 E:\xampp\htdocs\ci4\system\CodeIgniter.php(336): CodeIgniter\CodeIgniter->handleRequest(NULL, Object(Config\Cache), false)
#3 E:\xampp\htdocs\ci4\public\index.php(37): CodeIgniter\CodeIgniter->run()
#4 {main}
CRITICAL - 2021-09-20 09:16:54 --> Class "App\Libraries\Mailer" not found
#0 E:\xampp\htdocs\ci4\system\CodeIgniter.php(928): App\Controllers\Test->index()
#1 E:\xampp\htdocs\ci4\system\CodeIgniter.php(436): CodeIgniter\CodeIgniter->runController(Object(App\Controllers\Test))
#2 E:\xampp\htdocs\ci4\system\CodeIgniter.php(336): CodeIgniter\CodeIgniter->handleRequest(NULL, Object(Config\Cache), false)
#3 E:\xampp\htdocs\ci4\public\index.php(37): CodeIgniter\CodeIgniter->run()
#4 {main}
CRITICAL - 2021-09-20 09:17:01 --> Class "App\Controllers\Phpmailer" not found
#0 E:\xampp\htdocs\ci4\system\CodeIgniter.php(928): App\Controllers\Test->index()
#1 E:\xampp\htdocs\ci4\system\CodeIgniter.php(436): CodeIgniter\CodeIgniter->runController(Object(App\Controllers\Test))
#2 E:\xampp\htdocs\ci4\system\CodeIgniter.php(336): CodeIgniter\CodeIgniter->handleRequest(NULL, Object(Config\Cache), false)
#3 E:\xampp\htdocs\ci4\public\index.php(37): CodeIgniter\CodeIgniter->run()
#4 {main}
CRITICAL - 2021-09-20 09:17:30 --> Undefined constant "App\Controllers\Mailer"
#0 E:\xampp\htdocs\ci4\system\CodeIgniter.php(928): App\Controllers\Test->index()
#1 E:\xampp\htdocs\ci4\system\CodeIgniter.php(436): CodeIgniter\CodeIgniter->runController(Object(App\Controllers\Test))
#2 E:\xampp\htdocs\ci4\system\CodeIgniter.php(336): CodeIgniter\CodeIgniter->handleRequest(NULL, Object(Config\Cache), false)
#3 E:\xampp\htdocs\ci4\public\index.php(37): CodeIgniter\CodeIgniter->run()
#4 {main}
CRITICAL - 2021-09-20 09:17:38 --> Undefined constant "App\Controllers\Phpmailer"
#0 E:\xampp\htdocs\ci4\system\CodeIgniter.php(928): App\Controllers\Test->index()
#1 E:\xampp\htdocs\ci4\system\CodeIgniter.php(436): CodeIgniter\CodeIgniter->runController(Object(App\Controllers\Test))
#2 E:\xampp\htdocs\ci4\system\CodeIgniter.php(336): CodeIgniter\CodeIgniter->handleRequest(NULL, Object(Config\Cache), false)
#3 E:\xampp\htdocs\ci4\public\index.php(37): CodeIgniter\CodeIgniter->run()
#4 {main}
CRITICAL - 2021-09-20 09:27:15 --> Class "App\Controllers\Phpmailer" not found
#0 E:\xampp\htdocs\ci4\system\CodeIgniter.php(928): App\Controllers\Test->index()
#1 E:\xampp\htdocs\ci4\system\CodeIgniter.php(436): CodeIgniter\CodeIgniter->runController(Object(App\Controllers\Test))
#2 E:\xampp\htdocs\ci4\system\CodeIgniter.php(336): CodeIgniter\CodeIgniter->handleRequest(NULL, Object(Config\Cache), false)
#3 E:\xampp\htdocs\ci4\public\index.php(37): CodeIgniter\CodeIgniter->run()
#4 {main}
CRITICAL - 2021-09-20 09:29:14 --> Cannot declare class App\Libraries\Phpmailer because the name is already in use
#0 [internal function]: CodeIgniter\Debug\Exceptions->shutdownHandler()
#1 {main}
CRITICAL - 2021-09-20 09:30:45 --> Class "App\Controllers\Mymailer" not found
#0 E:\xampp\htdocs\ci4\system\CodeIgniter.php(928): App\Controllers\Test->index()
#1 E:\xampp\htdocs\ci4\system\CodeIgniter.php(436): CodeIgniter\CodeIgniter->runController(Object(App\Controllers\Test))
#2 E:\xampp\htdocs\ci4\system\CodeIgniter.php(336): CodeIgniter\CodeIgniter->handleRequest(NULL, Object(Config\Cache), false)
#3 E:\xampp\htdocs\ci4\public\index.php(37): CodeIgniter\CodeIgniter->run()
#4 {main}
CRITICAL - 2021-09-20 09:31:25 --> Class "Mymailer" not found
#0 E:\xampp\htdocs\ci4\system\CodeIgniter.php(928): App\Controllers\Test->index()
#1 E:\xampp\htdocs\ci4\system\CodeIgniter.php(436): CodeIgniter\CodeIgniter->runController(Object(App\Controllers\Test))
#2 E:\xampp\htdocs\ci4\system\CodeIgniter.php(336): CodeIgniter\CodeIgniter->handleRequest(NULL, Object(Config\Cache), false)
#3 E:\xampp\htdocs\ci4\public\index.php(37): CodeIgniter\CodeIgniter->run()
#4 {main}
CRITICAL - 2021-09-20 09:31:26 --> Class "Mymailer" not found
#0 E:\xampp\htdocs\ci4\system\CodeIgniter.php(928): App\Controllers\Test->index()
#1 E:\xampp\htdocs\ci4\system\CodeIgniter.php(436): CodeIgniter\CodeIgniter->runController(Object(App\Controllers\Test))
#2 E:\xampp\htdocs\ci4\system\CodeIgniter.php(336): CodeIgniter\CodeIgniter->handleRequest(NULL, Object(Config\Cache), false)
#3 E:\xampp\htdocs\ci4\public\index.php(37): CodeIgniter\CodeIgniter->run()
#4 {main}
CRITICAL - 2021-09-20 09:33:20 --> Class "Mymailer" not found
#0 E:\xampp\htdocs\ci4\system\CodeIgniter.php(928): App\Controllers\Test->index()
#1 E:\xampp\htdocs\ci4\system\CodeIgniter.php(436): CodeIgniter\CodeIgniter->runController(Object(App\Controllers\Test))
#2 E:\xampp\htdocs\ci4\system\CodeIgniter.php(336): CodeIgniter\CodeIgniter->handleRequest(NULL, Object(Config\Cache), false)
#3 E:\xampp\htdocs\ci4\public\index.php(37): CodeIgniter\CodeIgniter->run()
#4 {main}
CRITICAL - 2021-09-20 09:33:21 --> Class "Mymailer" not found
#0 E:\xampp\htdocs\ci4\system\CodeIgniter.php(928): App\Controllers\Test->index()
#1 E:\xampp\htdocs\ci4\system\CodeIgniter.php(436): CodeIgniter\CodeIgniter->runController(Object(App\Controllers\Test))
#2 E:\xampp\htdocs\ci4\system\CodeIgniter.php(336): CodeIgniter\CodeIgniter->handleRequest(NULL, Object(Config\Cache), false)
#3 E:\xampp\htdocs\ci4\public\index.php(37): CodeIgniter\CodeIgniter->run()
#4 {main}
CRITICAL - 2021-09-20 09:34:23 --> Class "Mymailer" not found
#0 E:\xampp\htdocs\ci4\system\CodeIgniter.php(928): App\Controllers\Test->index()
#1 E:\xampp\htdocs\ci4\system\CodeIgniter.php(436): CodeIgniter\CodeIgniter->runController(Object(App\Controllers\Test))
#2 E:\xampp\htdocs\ci4\system\CodeIgniter.php(336): CodeIgniter\CodeIgniter->handleRequest(NULL, Object(Config\Cache), false)
#3 E:\xampp\htdocs\ci4\public\index.php(37): CodeIgniter\CodeIgniter->run()
#4 {main}
CRITICAL - 2021-09-20 09:34:23 --> Class "Mymailer" not found
#0 E:\xampp\htdocs\ci4\system\CodeIgniter.php(928): App\Controllers\Test->index()
#1 E:\xampp\htdocs\ci4\system\CodeIgniter.php(436): CodeIgniter\CodeIgniter->runController(Object(App\Controllers\Test))
#2 E:\xampp\htdocs\ci4\system\CodeIgniter.php(336): CodeIgniter\CodeIgniter->handleRequest(NULL, Object(Config\Cache), false)
#3 E:\xampp\htdocs\ci4\public\index.php(37): CodeIgniter\CodeIgniter->run()
#4 {main}
CRITICAL - 2021-09-20 09:34:23 --> Class "Mymailer" not found
#0 E:\xampp\htdocs\ci4\system\CodeIgniter.php(928): App\Controllers\Test->index()
#1 E:\xampp\htdocs\ci4\system\CodeIgniter.php(436): CodeIgniter\CodeIgniter->runController(Object(App\Controllers\Test))
#2 E:\xampp\htdocs\ci4\system\CodeIgniter.php(336): CodeIgniter\CodeIgniter->handleRequest(NULL, Object(Config\Cache), false)
#3 E:\xampp\htdocs\ci4\public\index.php(37): CodeIgniter\CodeIgniter->run()
#4 {main}
CRITICAL - 2021-09-20 09:34:24 --> Class "Mymailer" not found
#0 E:\xampp\htdocs\ci4\system\CodeIgniter.php(928): App\Controllers\Test->index()
#1 E:\xampp\htdocs\ci4\system\CodeIgniter.php(436): CodeIgniter\CodeIgniter->runController(Object(App\Controllers\Test))
#2 E:\xampp\htdocs\ci4\system\CodeIgniter.php(336): CodeIgniter\CodeIgniter->handleRequest(NULL, Object(Config\Cache), false)
#3 E:\xampp\htdocs\ci4\public\index.php(37): CodeIgniter\CodeIgniter->run()
#4 {main}
CRITICAL - 2021-09-20 09:37:45 --> Class "Mymailer" not found
#0 E:\xampp\htdocs\ci4\system\CodeIgniter.php(928): App\Controllers\Test->index()
#1 E:\xampp\htdocs\ci4\system\CodeIgniter.php(436): CodeIgniter\CodeIgniter->runController(Object(App\Controllers\Test))
#2 E:\xampp\htdocs\ci4\system\CodeIgniter.php(336): CodeIgniter\CodeIgniter->handleRequest(NULL, Object(Config\Cache), false)
#3 E:\xampp\htdocs\ci4\public\index.php(37): CodeIgniter\CodeIgniter->run()
#4 {main}
CRITICAL - 2021-09-20 09:37:45 --> Class "Mymailer" not found
#0 E:\xampp\htdocs\ci4\system\CodeIgniter.php(928): App\Controllers\Test->index()
#1 E:\xampp\htdocs\ci4\system\CodeIgniter.php(436): CodeIgniter\CodeIgniter->runController(Object(App\Controllers\Test))
#2 E:\xampp\htdocs\ci4\system\CodeIgniter.php(336): CodeIgniter\CodeIgniter->handleRequest(NULL, Object(Config\Cache), false)
#3 E:\xampp\htdocs\ci4\public\index.php(37): CodeIgniter\CodeIgniter->run()
#4 {main}
ERROR - 2021-09-20 09:57:11 --> Error connecting to the database: Unknown database 'ci4'
CRITICAL - 2021-09-20 09:57:11 --> Unable to connect to the database.
Main connection [MySQLi]: Unknown database 'ci4'
#0 E:\xampp\htdocs\ci4\system\Database\BaseConnection.php(625): CodeIgniter\Database\BaseConnection->initialize()
#1 E:\xampp\htdocs\ci4\app\Controllers\Test.php(28): CodeIgniter\Database\BaseConnection->query('SELECT * FROM u...')
#2 E:\xampp\htdocs\ci4\system\CodeIgniter.php(928): App\Controllers\Test->database()
#3 E:\xampp\htdocs\ci4\system\CodeIgniter.php(436): CodeIgniter\CodeIgniter->runController(Object(App\Controllers\Test))
#4 E:\xampp\htdocs\ci4\system\CodeIgniter.php(336): CodeIgniter\CodeIgniter->handleRequest(NULL, Object(Config\Cache), false)
#5 E:\xampp\htdocs\ci4\public\index.php(37): CodeIgniter\CodeIgniter->run()
#6 {main}
CRITICAL - 2021-09-20 12:33:37 --> Class "App\Controllers\Mymailer" not found
#0 E:\xampp\htdocs\ci4\system\CodeIgniter.php(928): App\Controllers\Test->index()
#1 E:\xampp\htdocs\ci4\system\CodeIgniter.php(436): CodeIgniter\CodeIgniter->runController(Object(App\Controllers\Test))
#2 E:\xampp\htdocs\ci4\system\CodeIgniter.php(336): CodeIgniter\CodeIgniter->handleRequest(NULL, Object(Config\Cache), false)
#3 E:\xampp\htdocs\ci4\public\index.php(37): CodeIgniter\CodeIgniter->run()
#4 {main}
CRITICAL - 2021-09-20 12:35:23 --> Undefined variable $config
#0 E:\xampp\htdocs\ci4\app\Controllers\BaseController.php(62): CodeIgniter\Debug\Exceptions->errorHandler(2, 'Undefined varia...', 'E:\\xampp\\htdocs...', 62)
#1 E:\xampp\htdocs\ci4\system\CodeIgniter.php(901): App\Controllers\BaseController->initController(Object(CodeIgniter\HTTP\IncomingRequest), Object(CodeIgniter\HTTP\Response), Object(CodeIgniter\Log\Logger))
#2 E:\xampp\htdocs\ci4\system\CodeIgniter.php(426): CodeIgniter\CodeIgniter->createController()
#3 E:\xampp\htdocs\ci4\system\CodeIgniter.php(336): CodeIgniter\CodeIgniter->handleRequest(NULL, Object(Config\Cache), false)
#4 E:\xampp\htdocs\ci4\public\index.php(37): CodeIgniter\CodeIgniter->run()
#5 {main}
CRITICAL - 2021-09-20 12:35:31 --> Undefined property: App\Controllers\Test::$Mymailer
#0 E:\xampp\htdocs\ci4\app\Controllers\Test.php(17): CodeIgniter\Debug\Exceptions->errorHandler(2, 'Undefined prope...', 'E:\\xampp\\htdocs...', 17)
#1 E:\xampp\htdocs\ci4\system\CodeIgniter.php(928): App\Controllers\Test->index()
#2 E:\xampp\htdocs\ci4\system\CodeIgniter.php(436): CodeIgniter\CodeIgniter->runController(Object(App\Controllers\Test))
#3 E:\xampp\htdocs\ci4\system\CodeIgniter.php(336): CodeIgniter\CodeIgniter->handleRequest(NULL, Object(Config\Cache), false)
#4 E:\xampp\htdocs\ci4\public\index.php(37): CodeIgniter\CodeIgniter->run()
#5 {main}
CRITICAL - 2021-09-20 12:35:54 --> Undefined property: App\Controllers\Test::$Mymailer
#0 E:\xampp\htdocs\ci4\app\Controllers\Test.php(17): CodeIgniter\Debug\Exceptions->errorHandler(2, 'Undefined prope...', 'E:\\xampp\\htdocs...', 17)
#1 E:\xampp\htdocs\ci4\system\CodeIgniter.php(928): App\Controllers\Test->index()
#2 E:\xampp\htdocs\ci4\system\CodeIgniter.php(436): CodeIgniter\CodeIgniter->runController(Object(App\Controllers\Test))
#3 E:\xampp\htdocs\ci4\system\CodeIgniter.php(336): CodeIgniter\CodeIgniter->handleRequest(NULL, Object(Config\Cache), false)
#4 E:\xampp\htdocs\ci4\public\index.php(37): CodeIgniter\CodeIgniter->run()
#5 {main}
CRITICAL - 2021-09-20 12:36:04 --> Undefined variable $config
#0 E:\xampp\htdocs\ci4\app\Controllers\BaseController.php(62): CodeIgniter\Debug\Exceptions->errorHandler(2, 'Undefined varia...', 'E:\\xampp\\htdocs...', 62)
#1 E:\xampp\htdocs\ci4\system\CodeIgniter.php(901): App\Controllers\BaseController->initController(Object(CodeIgniter\HTTP\IncomingRequest), Object(CodeIgniter\HTTP\Response), Object(CodeIgniter\Log\Logger))
#2 E:\xampp\htdocs\ci4\system\CodeIgniter.php(426): CodeIgniter\CodeIgniter->createController()
#3 E:\xampp\htdocs\ci4\system\CodeIgniter.php(336): CodeIgniter\CodeIgniter->handleRequest(NULL, Object(Config\Cache), false)
#4 E:\xampp\htdocs\ci4\public\index.php(37): CodeIgniter\CodeIgniter->run()
#5 {main}
CRITICAL - 2021-09-20 12:36:10 --> Undefined property: App\Controllers\Test::$Mymailer
#0 E:\xampp\htdocs\ci4\app\Controllers\Test.php(17): CodeIgniter\Debug\Exceptions->errorHandler(2, 'Undefined prope...', 'E:\\xampp\\htdocs...', 17)
#1 E:\xampp\htdocs\ci4\system\CodeIgniter.php(928): App\Controllers\Test->index()
#2 E:\xampp\htdocs\ci4\system\CodeIgniter.php(436): CodeIgniter\CodeIgniter->runController(Object(App\Controllers\Test))
#3 E:\xampp\htdocs\ci4\system\CodeIgniter.php(336): CodeIgniter\CodeIgniter->handleRequest(NULL, Object(Config\Cache), false)
#4 E:\xampp\htdocs\ci4\public\index.php(37): CodeIgniter\CodeIgniter->run()
#5 {main}
CRITICAL - 2021-09-20 12:37:26 --> Undefined variable $_SESSION
#0 E:\xampp\htdocs\ci4\app\Controllers\Test.php(16): CodeIgniter\Debug\Exceptions->errorHandler(2, 'Undefined varia...', 'E:\\xampp\\htdocs...', 16)
#1 E:\xampp\htdocs\ci4\system\CodeIgniter.php(928): App\Controllers\Test->index()
#2 E:\xampp\htdocs\ci4\system\CodeIgniter.php(436): CodeIgniter\CodeIgniter->runController(Object(App\Controllers\Test))
#3 E:\xampp\htdocs\ci4\system\CodeIgniter.php(336): CodeIgniter\CodeIgniter->handleRequest(NULL, Object(Config\Cache), false)
#4 E:\xampp\htdocs\ci4\public\index.php(37): CodeIgniter\CodeIgniter->run()
#5 {main}
CRITICAL - 2021-09-20 12:39:22 --> Undefined variable $session
#0 E:\xampp\htdocs\ci4\app\Controllers\Test.php(16): CodeIgniter\Debug\Exceptions->errorHandler(2, 'Undefined varia...', 'E:\\xampp\\htdocs...', 16)
#1 E:\xampp\htdocs\ci4\system\CodeIgniter.php(928): App\Controllers\Test->index()
#2 E:\xampp\htdocs\ci4\system\CodeIgniter.php(436): CodeIgniter\CodeIgniter->runController(Object(App\Controllers\Test))
#3 E:\xampp\htdocs\ci4\system\CodeIgniter.php(336): CodeIgniter\CodeIgniter->handleRequest(NULL, Object(Config\Cache), false)
#4 E:\xampp\htdocs\ci4\public\index.php(37): CodeIgniter\CodeIgniter->run()
#5 {main}
CRITICAL - 2021-09-20 12:39:33 --> Undefined variable $session
#0 E:\xampp\htdocs\ci4\app\Controllers\Test.php(16): CodeIgniter\Debug\Exceptions->errorHandler(2, 'Undefined varia...', 'E:\\xampp\\htdocs...', 16)
#1 E:\xampp\htdocs\ci4\system\CodeIgniter.php(928): App\Controllers\Test->index()
#2 E:\xampp\htdocs\ci4\system\CodeIgniter.php(436): CodeIgniter\CodeIgniter->runController(Object(App\Controllers\Test))
#3 E:\xampp\htdocs\ci4\system\CodeIgniter.php(336): CodeIgniter\CodeIgniter->handleRequest(NULL, Object(Config\Cache), false)
#4 E:\xampp\htdocs\ci4\public\index.php(37): CodeIgniter\CodeIgniter->run()
#5 {main}
CRITICAL - 2021-09-20 12:40:01 --> Undefined variable $session
#0 E:\xampp\htdocs\ci4\app\Controllers\Test.php(16): CodeIgniter\Debug\Exceptions->errorHandler(2, 'Undefined varia...', 'E:\\xampp\\htdocs...', 16)
#1 E:\xampp\htdocs\ci4\system\CodeIgniter.php(928): App\Controllers\Test->index()
#2 E:\xampp\htdocs\ci4\system\CodeIgniter.php(436): CodeIgniter\CodeIgniter->runController(Object(App\Controllers\Test))
#3 E:\xampp\htdocs\ci4\system\CodeIgniter.php(336): CodeIgniter\CodeIgniter->handleRequest(NULL, Object(Config\Cache), false)
#4 E:\xampp\htdocs\ci4\public\index.php(37): CodeIgniter\CodeIgniter->run()
#5 {main}
CRITICAL - 2021-09-20 13:31:11 --> Undefined property: App\Libraries\Mymailer::$session
#0 E:\xampp\htdocs\ci4\app\Libraries\Mymailer.php(12): CodeIgniter\Debug\Exceptions->errorHandler(2, 'Undefined prope...', 'E:\\xampp\\htdocs...', 12)
#1 E:\xampp\htdocs\ci4\app\Controllers\Test.php(15): App\Libraries\Mymailer->send()
#2 E:\xampp\htdocs\ci4\system\CodeIgniter.php(928): App\Controllers\Test->index()
#3 E:\xampp\htdocs\ci4\system\CodeIgniter.php(436): CodeIgniter\CodeIgniter->runController(Object(App\Controllers\Test))
#4 E:\xampp\htdocs\ci4\system\CodeIgniter.php(336): CodeIgniter\CodeIgniter->handleRequest(NULL, Object(Config\Cache), false)
#5 E:\xampp\htdocs\ci4\public\index.php(37): CodeIgniter\CodeIgniter->run()
#6 {main}
CRITICAL - 2021-09-20 13:37:51 --> Call to undefined function App\Controllers\register_ci_instance()
#0 E:\xampp\htdocs\ci4\system\CodeIgniter.php(901): App\Controllers\BaseController->initController(Object(CodeIgniter\HTTP\IncomingRequest), Object(CodeIgniter\HTTP\Response), Object(CodeIgniter\Log\Logger))
#1 E:\xampp\htdocs\ci4\system\CodeIgniter.php(426): CodeIgniter\CodeIgniter->createController()
#2 E:\xampp\htdocs\ci4\system\CodeIgniter.php(336): CodeIgniter\CodeIgniter->handleRequest(NULL, Object(Config\Cache), false)
#3 E:\xampp\htdocs\ci4\public\index.php(37): CodeIgniter\CodeIgniter->run()
#4 {main}
CRITICAL - 2021-09-20 13:39:35 --> syntax error, unexpected token "}"
#0 E:\xampp\htdocs\ci4\system\Autoloader\Autoloader.php(273): CodeIgniter\Autoloader\Autoloader->includeFile('E:\\xampp\\htdocs...')
#1 E:\xampp\htdocs\ci4\system\Autoloader\Autoloader.php(247): CodeIgniter\Autoloader\Autoloader->loadInNamespace('App\\Libraries\\M...')
#2 E:\xampp\htdocs\ci4\app\Controllers\BaseController.php(62): CodeIgniter\Autoloader\Autoloader->loadClass('App\\Libraries\\M...')
#3 E:\xampp\htdocs\ci4\system\CodeIgniter.php(901): App\Controllers\BaseController->initController(Object(CodeIgniter\HTTP\IncomingRequest), Object(CodeIgniter\HTTP\Response), Object(CodeIgniter\Log\Logger))
#4 E:\xampp\htdocs\ci4\system\CodeIgniter.php(426): CodeIgniter\CodeIgniter->createController()
#5 E:\xampp\htdocs\ci4\system\CodeIgniter.php(336): CodeIgniter\CodeIgniter->handleRequest(NULL, Object(Config\Cache), false)
#6 E:\xampp\htdocs\ci4\public\index.php(37): CodeIgniter\CodeIgniter->run()
#7 {main}
CRITICAL - 2021-09-20 13:39:43 --> get_instance(): Return value must be of type App\Controllers\BaseController, null returned
#0 E:\xampp\htdocs\ci4\app\Libraries\Mymailer.php(16): get_instance()
#1 E:\xampp\htdocs\ci4\app\Controllers\BaseController.php(62): App\Libraries\Mymailer->__construct()
#2 E:\xampp\htdocs\ci4\system\CodeIgniter.php(901): App\Controllers\BaseController->initController(Object(CodeIgniter\HTTP\IncomingRequest), Object(CodeIgniter\HTTP\Response), Object(CodeIgniter\Log\Logger))
#3 E:\xampp\htdocs\ci4\system\CodeIgniter.php(426): CodeIgniter\CodeIgniter->createController()
#4 E:\xampp\htdocs\ci4\system\CodeIgniter.php(336): CodeIgniter\CodeIgniter->handleRequest(NULL, Object(Config\Cache), false)
#5 E:\xampp\htdocs\ci4\public\index.php(37): CodeIgniter\CodeIgniter->run()
#6 {main}
CRITICAL - 2021-09-20 13:40:05 --> get_instance(): Return value must be of type App\Controllers\BaseController, null returned
#0 E:\xampp\htdocs\ci4\app\Libraries\Mymailer.php(16): get_instance()
#1 E:\xampp\htdocs\ci4\app\Controllers\BaseController.php(62): App\Libraries\Mymailer->__construct()
#2 E:\xampp\htdocs\ci4\system\CodeIgniter.php(901): App\Controllers\BaseController->initController(Object(CodeIgniter\HTTP\IncomingRequest), Object(CodeIgniter\HTTP\Response), Object(CodeIgniter\Log\Logger))
#3 E:\xampp\htdocs\ci4\system\CodeIgniter.php(426): CodeIgniter\CodeIgniter->createController()
#4 E:\xampp\htdocs\ci4\system\CodeIgniter.php(336): CodeIgniter\CodeIgniter->handleRequest(NULL, Object(Config\Cache), false)
#5 E:\xampp\htdocs\ci4\public\index.php(37): CodeIgniter\CodeIgniter->run()
#6 {main}
CRITICAL - 2021-09-20 13:40:11 --> get_instance(): Return value must be of type App\Controllers\BaseController, null returned
#0 E:\xampp\htdocs\ci4\app\Libraries\Mymailer.php(16): get_instance()
#1 E:\xampp\htdocs\ci4\app\Controllers\BaseController.php(62): App\Libraries\Mymailer->__construct()
#2 E:\xampp\htdocs\ci4\system\CodeIgniter.php(901): App\Controllers\BaseController->initController(Object(CodeIgniter\HTTP\IncomingRequest), Object(CodeIgniter\HTTP\Response), Object(CodeIgniter\Log\Logger))
#3 E:\xampp\htdocs\ci4\system\CodeIgniter.php(426): CodeIgniter\CodeIgniter->createController()
#4 E:\xampp\htdocs\ci4\system\CodeIgniter.php(336): CodeIgniter\CodeIgniter->handleRequest(NULL, Object(Config\Cache), false)
#5 E:\xampp\htdocs\ci4\public\index.php(37): CodeIgniter\CodeIgniter->run()
#6 {main}
CRITICAL - 2021-09-20 13:42:35 --> get_instance(): Return value must be of type App\Controllers\BaseController, null returned
#0 E:\xampp\htdocs\ci4\app\Libraries\Mymailer.php(16): get_instance()
#1 E:\xampp\htdocs\ci4\app\Controllers\BaseController.php(62): App\Libraries\Mymailer->__construct()
#2 E:\xampp\htdocs\ci4\system\CodeIgniter.php(901): App\Controllers\BaseController->initController(Object(CodeIgniter\HTTP\IncomingRequest), Object(CodeIgniter\HTTP\Response), Object(CodeIgniter\Log\Logger))
#3 E:\xampp\htdocs\ci4\system\CodeIgniter.php(426): CodeIgniter\CodeIgniter->createController()
#4 E:\xampp\htdocs\ci4\system\CodeIgniter.php(336): CodeIgniter\CodeIgniter->handleRequest(NULL, Object(Config\Cache), false)
#5 E:\xampp\htdocs\ci4\public\index.php(37): CodeIgniter\CodeIgniter->run()
#6 {main}
CRITICAL - 2021-09-20 13:42:42 --> syntax error, unexpected token "{"
#0 E:\xampp\htdocs\ci4\system\Controller.php(92): helper(Array)
#1 E:\xampp\htdocs\ci4\app\Controllers\BaseController.php(55): CodeIgniter\Controller->initController(Object(CodeIgniter\HTTP\IncomingRequest), Object(CodeIgniter\HTTP\Response), Object(CodeIgniter\Log\Logger))
#2 E:\xampp\htdocs\ci4\system\CodeIgniter.php(901): App\Controllers\BaseController->initController(Object(CodeIgniter\HTTP\IncomingRequest), Object(CodeIgniter\HTTP\Response), Object(CodeIgniter\Log\Logger))
#3 E:\xampp\htdocs\ci4\system\CodeIgniter.php(426): CodeIgniter\CodeIgniter->createController()
#4 E:\xampp\htdocs\ci4\system\CodeIgniter.php(336): CodeIgniter\CodeIgniter->handleRequest(NULL, Object(Config\Cache), false)
#5 E:\xampp\htdocs\ci4\public\index.php(37): CodeIgniter\CodeIgniter->run()
#6 {main}
CRITICAL - 2021-09-20 13:43:44 --> get_instance(): Return value must be of type App\Controllers\BaseController, null returned
#0 E:\xampp\htdocs\ci4\app\Libraries\Mymailer.php(16): get_instance()
#1 E:\xampp\htdocs\ci4\app\Controllers\BaseController.php(62): App\Libraries\Mymailer->__construct()
#2 E:\xampp\htdocs\ci4\system\CodeIgniter.php(901): App\Controllers\BaseController->initController(Object(CodeIgniter\HTTP\IncomingRequest), Object(CodeIgniter\HTTP\Response), Object(CodeIgniter\Log\Logger))
#3 E:\xampp\htdocs\ci4\system\CodeIgniter.php(426): CodeIgniter\CodeIgniter->createController()
#4 E:\xampp\htdocs\ci4\system\CodeIgniter.php(336): CodeIgniter\CodeIgniter->handleRequest(NULL, Object(Config\Cache), false)
#5 E:\xampp\htdocs\ci4\public\index.php(37): CodeIgniter\CodeIgniter->run()
#6 {main}
CRITICAL - 2021-09-20 13:45:28 --> get_instance(): Return value must be of type App\Controllers\BaseController, none returned
#0 E:\xampp\htdocs\ci4\app\Libraries\Mymailer.php(16): get_instance()
#1 E:\xampp\htdocs\ci4\app\Controllers\BaseController.php(63): App\Libraries\Mymailer->__construct()
#2 E:\xampp\htdocs\ci4\system\CodeIgniter.php(901): App\Controllers\BaseController->initController(Object(CodeIgniter\HTTP\IncomingRequest), Object(CodeIgniter\HTTP\Response), Object(CodeIgniter\Log\Logger))
#3 E:\xampp\htdocs\ci4\system\CodeIgniter.php(426): CodeIgniter\CodeIgniter->createController()
#4 E:\xampp\htdocs\ci4\system\CodeIgniter.php(336): CodeIgniter\CodeIgniter->handleRequest(NULL, Object(Config\Cache), false)
#5 E:\xampp\htdocs\ci4\public\index.php(37): CodeIgniter\CodeIgniter->run()
#6 {main}
CRITICAL - 2021-09-20 13:46:07 --> Undefined property: App\Libraries\Mymailer::$session
#0 E:\xampp\htdocs\ci4\app\Libraries\Mymailer.php(21): CodeIgniter\Debug\Exceptions->errorHandler(2, 'Undefined prope...', 'E:\\xampp\\htdocs...', 21)
#1 E:\xampp\htdocs\ci4\app\Controllers\Test.php(15): App\Libraries\Mymailer->send()
#2 E:\xampp\htdocs\ci4\system\CodeIgniter.php(928): App\Controllers\Test->index()
#3 E:\xampp\htdocs\ci4\system\CodeIgniter.php(436): CodeIgniter\CodeIgniter->runController(Object(App\Controllers\Test))
#4 E:\xampp\htdocs\ci4\system\CodeIgniter.php(336): CodeIgniter\CodeIgniter->handleRequest(NULL, Object(Config\Cache), false)
#5 E:\xampp\htdocs\ci4\public\index.php(37): CodeIgniter\CodeIgniter->run()
#6 {main}
CRITICAL - 2021-09-20 13:46:17 --> get_instance(): Return value must be of type App\Controllers\BaseController, null returned
#0 E:\xampp\htdocs\ci4\app\Libraries\Mymailer.php(16): get_instance()
#1 E:\xampp\htdocs\ci4\app\Controllers\BaseController.php(62): App\Libraries\Mymailer->__construct()
#2 E:\xampp\htdocs\ci4\system\CodeIgniter.php(901): App\Controllers\BaseController->initController(Object(CodeIgniter\HTTP\IncomingRequest), Object(CodeIgniter\HTTP\Response), Object(CodeIgniter\Log\Logger))
#3 E:\xampp\htdocs\ci4\system\CodeIgniter.php(426): CodeIgniter\CodeIgniter->createController()
#4 E:\xampp\htdocs\ci4\system\CodeIgniter.php(336): CodeIgniter\CodeIgniter->handleRequest(NULL, Object(Config\Cache), false)
#5 E:\xampp\htdocs\ci4\public\index.php(37): CodeIgniter\CodeIgniter->run()
#6 {main}
CRITICAL - 2021-09-20 13:46:25 --> Undefined property: App\Libraries\Mymailer::$session
#0 E:\xampp\htdocs\ci4\app\Libraries\Mymailer.php(21): CodeIgniter\Debug\Exceptions->errorHandler(2, 'Undefined prope...', 'E:\\xampp\\htdocs...', 21)
#1 E:\xampp\htdocs\ci4\app\Controllers\Test.php(15): App\Libraries\Mymailer->send()
#2 E:\xampp\htdocs\ci4\system\CodeIgniter.php(928): App\Controllers\Test->index()
#3 E:\xampp\htdocs\ci4\system\CodeIgniter.php(436): CodeIgniter\CodeIgniter->runController(Object(App\Controllers\Test))
#4 E:\xampp\htdocs\ci4\system\CodeIgniter.php(336): CodeIgniter\CodeIgniter->handleRequest(NULL, Object(Config\Cache), false)
#5 E:\xampp\htdocs\ci4\public\index.php(37): CodeIgniter\CodeIgniter->run()
#6 {main}
CRITICAL - 2021-09-20 13:46:47 --> Cannot access protected property App\Controllers\Test::$session
#0 E:\xampp\htdocs\ci4\app\Controllers\Test.php(15): App\Libraries\Mymailer->send()
#1 E:\xampp\htdocs\ci4\system\CodeIgniter.php(928): App\Controllers\Test->index()
#2 E:\xampp\htdocs\ci4\system\CodeIgniter.php(436): CodeIgniter\CodeIgniter->runController(Object(App\Controllers\Test))
#3 E:\xampp\htdocs\ci4\system\CodeIgniter.php(336): CodeIgniter\CodeIgniter->handleRequest(NULL, Object(Config\Cache), false)
#4 E:\xampp\htdocs\ci4\public\index.php(37): CodeIgniter\CodeIgniter->run()
#5 {main}
CRITICAL - 2021-09-20 13:46:59 --> Cannot access protected property App\Controllers\Test::$session
#0 E:\xampp\htdocs\ci4\app\Controllers\Test.php(15): App\Libraries\Mymailer->send()
#1 E:\xampp\htdocs\ci4\system\CodeIgniter.php(928): App\Controllers\Test->index()
#2 E:\xampp\htdocs\ci4\system\CodeIgniter.php(436): CodeIgniter\CodeIgniter->runController(Object(App\Controllers\Test))
#3 E:\xampp\htdocs\ci4\system\CodeIgniter.php(336): CodeIgniter\CodeIgniter->handleRequest(NULL, Object(Config\Cache), false)
#4 E:\xampp\htdocs\ci4\public\index.php(37): CodeIgniter\CodeIgniter->run()
#5 {main}
CRITICAL - 2021-09-20 13:47:52 --> Cannot access protected property App\Controllers\Test::$session
#0 E:\xampp\htdocs\ci4\app\Controllers\Test.php(15): App\Libraries\Mymailer->send()
#1 E:\xampp\htdocs\ci4\system\CodeIgniter.php(928): App\Controllers\Test->index()
#2 E:\xampp\htdocs\ci4\system\CodeIgniter.php(436): CodeIgniter\CodeIgniter->runController(Object(App\Controllers\Test))
#3 E:\xampp\htdocs\ci4\system\CodeIgniter.php(336): CodeIgniter\CodeIgniter->handleRequest(NULL, Object(Config\Cache), false)
#4 E:\xampp\htdocs\ci4\public\index.php(37): CodeIgniter\CodeIgniter->run()
#5 {main}
CRITICAL - 2021-09-20 13:50:27 --> Undefined property: App\Libraries\Mymailer::$session
#0 E:\xampp\htdocs\ci4\app\Libraries\Mymailer.php(23): CodeIgniter\Debug\Exceptions->errorHandler(2, 'Undefined prope...', 'E:\\xampp\\htdocs...', 23)
#1 E:\xampp\htdocs\ci4\app\Controllers\Test.php(16): App\Libraries\Mymailer->send()
#2 E:\xampp\htdocs\ci4\system\CodeIgniter.php(928): App\Controllers\Test->index()
#3 E:\xampp\htdocs\ci4\system\CodeIgniter.php(436): CodeIgniter\CodeIgniter->runController(Object(App\Controllers\Test))
#4 E:\xampp\htdocs\ci4\system\CodeIgniter.php(336): CodeIgniter\CodeIgniter->handleRequest(NULL, Object(Config\Cache), false)
#5 E:\xampp\htdocs\ci4\public\index.php(37): CodeIgniter\CodeIgniter->run()
#6 {main}
CRITICAL - 2021-09-20 13:50:54 --> get_instance(): Return value must be of type App\Controllers\BaseController, null returned
#0 E:\xampp\htdocs\ci4\app\Libraries\Mymailer.php(16): get_instance()
#1 E:\xampp\htdocs\ci4\app\Controllers\BaseController.php(62): App\Libraries\Mymailer->__construct()
#2 E:\xampp\htdocs\ci4\system\CodeIgniter.php(901): App\Controllers\BaseController->initController(Object(CodeIgniter\HTTP\IncomingRequest), Object(CodeIgniter\HTTP\Response), Object(CodeIgniter\Log\Logger))
#3 E:\xampp\htdocs\ci4\system\CodeIgniter.php(426): CodeIgniter\CodeIgniter->createController()
#4 E:\xampp\htdocs\ci4\system\CodeIgniter.php(336): CodeIgniter\CodeIgniter->handleRequest(NULL, Object(Config\Cache), false)
#5 E:\xampp\htdocs\ci4\public\index.php(37): CodeIgniter\CodeIgniter->run()
#6 {main}
CRITICAL - 2021-09-20 14:03:10 --> Call to undefined function App\Controllers\register_ci_instance()
#0 E:\xampp\htdocs\ci4\system\CodeIgniter.php(901): App\Controllers\BaseController->initController(Object(CodeIgniter\HTTP\IncomingRequest), Object(CodeIgniter\HTTP\Response), Object(CodeIgniter\Log\Logger))
#1 E:\xampp\htdocs\ci4\system\CodeIgniter.php(426): CodeIgniter\CodeIgniter->createController()
#2 E:\xampp\htdocs\ci4\system\CodeIgniter.php(336): CodeIgniter\CodeIgniter->handleRequest(NULL, Object(Config\Cache), false)
#3 E:\xampp\htdocs\ci4\public\index.php(37): CodeIgniter\CodeIgniter->run()
#4 {main}
CRITICAL - 2021-09-20 14:03:34 --> Call to undefined function App\Libraries\ddd()
#0 E:\xampp\htdocs\ci4\app\Controllers\Test.php(16): App\Libraries\Mymailer->send()
#1 E:\xampp\htdocs\ci4\system\CodeIgniter.php(928): App\Controllers\Test->index()
#2 E:\xampp\htdocs\ci4\system\CodeIgniter.php(436): CodeIgniter\CodeIgniter->runController(Object(App\Controllers\Test))
#3 E:\xampp\htdocs\ci4\system\CodeIgniter.php(336): CodeIgniter\CodeIgniter->handleRequest(NULL, Object(Config\Cache), false)
#4 E:\xampp\htdocs\ci4\public\index.php(37): CodeIgniter\CodeIgniter->run()
#5 {main}
CRITICAL - 2021-09-20 14:03:51 --> Call to undefined function App\Controllers\ddd()
#0 E:\xampp\htdocs\ci4\system\CodeIgniter.php(928): App\Controllers\Test->index()
#1 E:\xampp\htdocs\ci4\system\CodeIgniter.php(436): CodeIgniter\CodeIgniter->runController(Object(App\Controllers\Test))
#2 E:\xampp\htdocs\ci4\system\CodeIgniter.php(336): CodeIgniter\CodeIgniter->handleRequest(NULL, Object(Config\Cache), false)
#3 E:\xampp\htdocs\ci4\public\index.php(37): CodeIgniter\CodeIgniter->run()
#4 {main}
CRITICAL - 2021-09-20 14:38:43 --> view(): Argument #2 ($data) must be of type array, string given, called in E:\xampp\htdocs\ci4\app\Controllers\Home.php on line 9
#0 E:\xampp\htdocs\ci4\app\Controllers\Home.php(9): view('welcome_message', '', true)
#1 E:\xampp\htdocs\ci4\system\CodeIgniter.php(928): App\Controllers\Home->index()
#2 E:\xampp\htdocs\ci4\system\CodeIgniter.php(436): CodeIgniter\CodeIgniter->runController(Object(App\Controllers\Home))
#3 E:\xampp\htdocs\ci4\system\CodeIgniter.php(336): CodeIgniter\CodeIgniter->handleRequest(NULL, Object(Config\Cache), false)
#4 E:\xampp\htdocs\ci4\public\index.php(37): CodeIgniter\CodeIgniter->run()
#5 {main}
CRITICAL - 2021-09-20 14:38:57 --> view(): Argument #3 ($options) must be of type array, bool given, called in E:\xampp\htdocs\ci4\app\Controllers\Home.php on line 9
#0 E:\xampp\htdocs\ci4\app\Controllers\Home.php(9): view('welcome_message', Array, true)
#1 E:\xampp\htdocs\ci4\system\CodeIgniter.php(928): App\Controllers\Home->index()
#2 E:\xampp\htdocs\ci4\system\CodeIgniter.php(436): CodeIgniter\CodeIgniter->runController(Object(App\Controllers\Home))
#3 E:\xampp\htdocs\ci4\system\CodeIgniter.php(336): CodeIgniter\CodeIgniter->handleRequest(NULL, Object(Config\Cache), false)
#4 E:\xampp\htdocs\ci4\public\index.php(37): CodeIgniter\CodeIgniter->run()
#5 {main}
CRITICAL - 2021-09-20 14:39:28 --> view(): Argument #3 ($options) must be of type array, bool given, called in E:\xampp\htdocs\ci4\app\Controllers\Home.php on line 9
#0 E:\xampp\htdocs\ci4\app\Controllers\Home.php(9): view('welcome_message', Array, true)
#1 E:\xampp\htdocs\ci4\system\CodeIgniter.php(928): App\Controllers\Home->index()
#2 E:\xampp\htdocs\ci4\system\CodeIgniter.php(436): CodeIgniter\CodeIgniter->runController(Object(App\Controllers\Home))
#3 E:\xampp\htdocs\ci4\system\CodeIgniter.php(336): CodeIgniter\CodeIgniter->handleRequest(NULL, Object(Config\Cache), false)
#4 E:\xampp\htdocs\ci4\public\index.php(37): CodeIgniter\CodeIgniter->run()
#5 {main}
